<?xml version="1.0" encoding="UTF-8"?>
<!-- Generated by org.testng.reporters.JUnitXMLReporter -->
<testsuite ignored="0" hostname="5CD202FMYW" failures="0" tests="10" name="Default test" time="14.112" errors="0" timestamp="2023-01-26T13:42:19 IST">
  <testcase classname="TestNgPack2.Flag3" name="Flag3" time="3.15"/>
  <testcase classname="TestNgPack2.Flag3" name="Flag3" time="1.114"/>
  <testcase classname="TestNgPack2.Flag3" name="Flag3" time="1.092"/>
  <testcase classname="TestNgPack2.Flag3" name="Flag3" time="1.125"/>
  <testcase classname="TestNgPack2.Flag3" name="Flag3" time="1.301"/>
  <testcase classname="TestNgPack2.Flag3" name="Flag3" time="1.173"/>
  <testcase classname="TestNgPack2.Flag3" name="Flag3" time="1.146"/>
  <testcase classname="TestNgPack2.Flag3" name="Flag3" time="1.173"/>
  <testcase classname="TestNgPack2.Flag3" name="Flag3" time="1.494"/>
  <testcase classname="TestNgPack2.Flag3" name="Flag3" time="1.239"/>
</testsuite> <!-- Default test -->
