<?xml version="1.0" encoding="UTF-8"?>
<!-- Generated by org.testng.reporters.JUnitXMLReporter -->
<testsuite ignored="0" hostname="5CD202FMYW" failures="0" tests="12" name="Test" time="0.2" errors="0" timestamp="2023-01-23T03:37:23 IST">
  <testcase classname="TestNgPack2.Flag6" name="ft1" time="0.024"/>
  <testcase classname="TestNgPack2.Flag6" name="ft2" time="0.002"/>
  <testcase classname="TestNgPack2.Flag6" name="ft3" time="0.01"/>
  <testcase classname="TestNgPack2.Flag6" name="ft4" time="0.002"/>
  <testcase classname="TestNgPack2.Flag6" name="it1" time="0.004"/>
  <testcase classname="TestNgPack2.Flag6" name="it2" time="0.003"/>
  <testcase classname="TestNgPack2.Flag6" name="it3" time="0.007"/>
  <testcase classname="TestNgPack2.Flag6" name="it4" time="0.002"/>
  <testcase classname="TestNgPack2.Flag6" name="st1" time="0.003"/>
  <testcase classname="TestNgPack2.Flag6" name="st2" time="0.002"/>
  <testcase classname="TestNgPack2.Flag6" name="st3" time="0.002"/>
  <testcase classname="TestNgPack2.Flag6" name="st4" time="0.004"/>
</testsuite> <!-- Test -->
